<?xml version="1.0" encoding="UTF-8"?>
<testsuite name="com.nlc.dataimporter.service.ImportFromTextStrategyFactoryTest" tests="1" skipped="0" failures="0" errors="0" timestamp="2018-06-23T23:15:36" hostname="endorphine.homenet.telecomitalia.it" time="0.038">
  <properties/>
  <testcase name="whenAnImportFromTextStrategyIsRequired_thenReturnesANewImportFromCSVRowStrategy" classname="com.nlc.dataimporter.service.ImportFromTextStrategyFactoryTest" time="0.038"/>
  <system-out><![CDATA[]]></system-out>
  <system-err><![CDATA[]]></system-err>
</testsuite>
